<?xml version="1.0" encoding="UTF-8"?>
<testng-results skipped="0" failed="0" total="1" passed="1">
  <reporter-output>
  </reporter-output>
  <suite name="Default suite" duration-ms="132" started-at="2020-02-24T05:25:20Z" finished-at="2020-02-24T05:25:20Z">
    <groups>
    </groups>
    <test name="Default test" duration-ms="132" started-at="2020-02-24T05:25:20Z" finished-at="2020-02-24T05:25:20Z">
      <class name="com.test.jenkins.Test1">
        <test-method status="PASS" signature="testJenkins()[pri:0, instance:com.test.jenkins.Test1@91161c7]" name="testJenkins" duration-ms="44" started-at="2020-02-24T10:55:20Z" finished-at="2020-02-24T10:55:20Z">
          <reporter-output>
          </reporter-output>
        </test-method> <!-- testJenkins -->
      </class> <!-- com.test.jenkins.Test1 -->
    </test> <!-- Default test -->
  </suite> <!-- Default suite -->
</testng-results>
